<?xml version="1.0" encoding="UTF-8"?>
<testsuite name="service.ClockServiceTest" tests="12" skipped="0" failures="0" errors="0" timestamp="2023-01-12T04:41:19" hostname="MacBooks-MBP.lan" time="0.862">
  <properties/>
  <testcase name="[1] 00 00, 0.0" classname="service.ClockServiceTest" time="0.611"/>
  <testcase name="[2] 06 00, 90.0" classname="service.ClockServiceTest" time="0.008"/>
  <testcase name="[3] 02:10, 32.5" classname="service.ClockServiceTest" time="0.01"/>
  <testcase name="[4] 15-00, 225.0" classname="service.ClockServiceTest" time="0.007"/>
  <testcase name="[5] 17/00, 255.0" classname="service.ClockServiceTest" time="0.012"/>
  <testcase name="[6] 18ˆ00, 270.0" classname="service.ClockServiceTest" time="0.008"/>
  <testcase name="[7] 23;00, 345.0" classname="service.ClockServiceTest" time="0.005"/>
  <testcase name="[8] 03 15, 48.75" classname="service.ClockServiceTest" time="0.007"/>
  <testcase name="Given an input with one argument, then should return error()" classname="service.ClockServiceTest" time="0.021"/>
  <testcase name="Given an input with letters, then should return error()" classname="service.ClockServiceTest" time="0.009"/>
  <testcase name="[1] 24 00" classname="service.ClockServiceTest" time="0.007"/>
  <testcase name="[2] 12:60" classname="service.ClockServiceTest" time="0.014"/>
  <system-out><![CDATA[]]></system-out>
  <system-err><![CDATA[]]></system-err>
</testsuite>
